<?xml version="1.0" encoding="UTF-8"?>
<!-- Generated by org.testng.reporters.JUnitReportReporter -->
<testsuite hostname="LAPTOP-7GIBLMM9" failures="0" tests="1" name="SignalAutomation.SignalManagementTest.LoginPage" time="4.558" errors="0" timestamp="2024-02-08T17:42:47 IST" skipped="0">
  <testcase classname="SignalAutomation.SignalManagementTest.LoginPage" name="openUrl" time="4.558"/>
  <system-out/>
</testsuite> <!-- SignalAutomation.SignalManagementTest.LoginPage -->
