<?xml version="1.0" encoding="UTF-8"?>
<!-- Generated by org.testng.reporters.JUnitReportReporter -->
<testsuite hostname="LAPTOP-7GIBLMM9" failures="0" tests="3" name="SignalAutomation.SignalManagementTest.WorkflowConfigTest" time="20.037" errors="0" timestamp="2024-04-05T13:10:03 IST" skipped="0">
  <testcase classname="SignalAutomation.SignalManagementTest.WorkflowConfigTest" name="addWorkflowConfig" time="6.895"/>
  <system-out/>
  <testcase classname="SignalAutomation.SignalManagementTest.WorkflowConfigTest" name="editWorkflowTest" time="6.989"/>
  <system-out/>
  <testcase classname="SignalAutomation.SignalManagementTest.WorkflowConfigTest" name="deleteWorkflow" time="6.153"/>
  <system-out/>
</testsuite> <!-- SignalAutomation.SignalManagementTest.WorkflowConfigTest -->
