<?xml version="1.0" encoding="UTF-8"?>
<!-- Generated by org.testng.reporters.JUnitReportReporter -->
<testsuite hostname="LAPTOP-7GIBLMM9" failures="0" tests="3" name="SignalAutomation.SignalManagementTest.ProjectTest" time="33.834" errors="0" timestamp="2024-02-29T16:37:03 IST" skipped="0">
  <testcase classname="SignalAutomation.SignalManagementTest.ProjectTest" name="addProjectTest" time="14.670"/>
  <system-out/>
  <testcase classname="SignalAutomation.SignalManagementTest.ProjectTest" name="editProjectTest" time="10.719"/>
  <system-out/>
  <testcase classname="SignalAutomation.SignalManagementTest.ProjectTest" name="deleteProjectTest" time="8.445"/>
  <system-out/>
</testsuite> <!-- SignalAutomation.SignalManagementTest.ProjectTest -->
