<?xml version="1.0" encoding="UTF-8"?>
<!-- Generated by org.testng.reporters.JUnitReportReporter -->
<testsuite hostname="LAPTOP-7GIBLMM9" failures="0" tests="3" name="SignalAutomation.SignalManagementTest.ProductTest" time="19.494" errors="0" timestamp="2024-03-14T17:49:50 IST" skipped="0">
  <testcase classname="SignalAutomation.SignalManagementTest.ProductTest" name="addProduct" time="6.399"/>
  <system-out/>
  <testcase classname="SignalAutomation.SignalManagementTest.ProductTest" name="editProduct" time="6.734"/>
  <system-out/>
  <testcase classname="SignalAutomation.SignalManagementTest.ProductTest" name="deleteProduct" time="6.361"/>
  <system-out/>
</testsuite> <!-- SignalAutomation.SignalManagementTest.ProductTest -->
