<?xml version="1.0" encoding="UTF-8"?>
<!-- Generated by org.testng.reporters.JUnitReportReporter -->
<testsuite hostname="LAPTOP-7GIBLMM9" failures="0" tests="5" name="SignalAutomation.SignalManagementTest.LoginPageTest" time="33.758" errors="0" timestamp="2024-02-28T22:32:28 IST" skipped="0">
  <testcase classname="SignalAutomation.SignalManagementTest.LoginPageTest" name="loginByBlankUserName" time="6.383"/>
  <system-out/>
  <testcase classname="SignalAutomation.SignalManagementTest.LoginPageTest" name="loginByBlankPassword" time="6.124"/>
  <system-out/>
  <testcase classname="SignalAutomation.SignalManagementTest.LoginPageTest" name="loginByInvalidUsername" time="6.221"/>
  <system-out/>
  <testcase classname="SignalAutomation.SignalManagementTest.LoginPageTest" name="loginByInvalidPassword" time="7.131"/>
  <system-out/>
  <testcase classname="SignalAutomation.SignalManagementTest.LoginPageTest" name="loginValidation" time="7.899"/>
  <system-out/>
</testsuite> <!-- SignalAutomation.SignalManagementTest.LoginPageTest -->
