<?xml version="1.0" encoding="UTF-8"?>
<!-- Generated by org.testng.reporters.JUnitReportReporter -->
<testsuite hostname="LAPTOP-7GIBLMM9" failures="0" tests="3" name="SignalAutomation.SignalManagementTest.WorkflowConfigTest" time="22.836" errors="0" timestamp="2024-04-08T15:50:35 IST" skipped="0">
  <testcase classname="SignalAutomation.SignalManagementTest.WorkflowConfigTest" name="addWorkflowConfig" time="8.920"/>
  <system-out/>
  <testcase classname="SignalAutomation.SignalManagementTest.WorkflowConfigTest" name="editWorkflowTest" time="7.290"/>
  <system-out/>
  <testcase classname="SignalAutomation.SignalManagementTest.WorkflowConfigTest" name="deleteWorkflow" time="6.626"/>
  <system-out/>
</testsuite> <!-- SignalAutomation.SignalManagementTest.WorkflowConfigTest -->
