<?xml version="1.0" encoding="UTF-8"?>
<!-- Generated by org.testng.reporters.JUnitReportReporter -->
<testsuite hostname="LAPTOP-7GIBLMM9" failures="0" tests="3" name="SignalAutomation.SignalManagementTest.ActionStateTest" time="12.554" errors="0" timestamp="2024-04-05T12:44:53 IST" skipped="0">
  <testcase classname="SignalAutomation.SignalManagementTest.ActionStateTest" name="addActionState" time="3.912"/>
  <system-out/>
  <testcase classname="SignalAutomation.SignalManagementTest.ActionStateTest" name="editActionState" time="4.178"/>
  <system-out/>
  <testcase classname="SignalAutomation.SignalManagementTest.ActionStateTest" name="deleteActionState" time="4.464"/>
  <system-out/>
</testsuite> <!-- SignalAutomation.SignalManagementTest.ActionStateTest -->
